This file contains any messages produced by compilers while
running configure, to aid debugging if configure makes a mistake.

It was created by GConf configure 3.2.6, which was
generated by GNU Autoconf 2.69.  Invocation command line was

  $ ./configure --prefix=/usr --sysconfdir=/etc --localstatedir=/var --libexecdir=/usr/lib/GConf --disable-static --enable-defaults-service --with-gtk=2.0 --disable-orbit

## --------- ##
## Platform. ##
## --------- ##

hostname = victor
uname -m = i686
uname -r = 5.7.12-arch1-1.0
uname -s = Linux
uname -v = #1 SMP PREEMPT Mon, 03 Aug 2020 21:38:48 +0000

/usr/bin/uname -p = unknown
/bin/uname -X     = unknown

/bin/arch              = unknown
/usr/bin/arch -k       = unknown
/usr/convex/getsysinfo = unknown
/usr/bin/hostinfo      = unknown
/bin/machine           = unknown
/usr/bin/oslevel       = unknown
/bin/universe          = unknown

PATH: /usr/local/bin
PATH: /usr/bin
PATH: /bin
PATH: /usr/local/sbin
PATH: opt/jdk1.8.0_261/bin
PATH: /usr/bin/site_perl
PATH: /usr/bin/vendor_perl
PATH: /usr/bin/core_perl


## ----------- ##
## Core tests. ##
## ----------- ##

configure:2622: checking for a BSD-compatible install
configure:2690: result: /usr/bin/install -c
configure:2701: checking whether build environment is sane
configure:2756: result: yes
configure:2905: checking for a thread-safe mkdir -p
configure:2944: result: /usr/bin/mkdir -p
configure:2951: checking for gawk
configure:2967: found /usr/bin/gawk
configure:2978: result: gawk
configure:2989: checking whether make sets $(MAKE)
configure:3011: result: yes
configure:3040: checking whether make supports nested variables
configure:3057: result: yes
configure:3148: checking whether make supports nested variables
configure:3165: result: yes
configure:3178: checking whether to enable maintainer-specific portions of Makefiles
configure:3187: result: yes
configure:3205: checking build system type
configure:3219: result: i686-pc-linux-gnu
configure:3239: checking host system type
configure:3252: result: i686-pc-linux-gnu
configure:3351: checking for gcc
configure:3367: found /usr/bin/gcc
configure:3378: result: gcc
configure:3607: checking for C compiler version
configure:3616: gcc --version >&5
gcc (GCC) 10.2.0
Copyright (C) 2020 Free Software Foundation, Inc.
This is free software; see the source for copying conditions.  There is NO
warranty; not even for MERCHANTABILITY or FITNESS FOR A PARTICULAR PURPOSE.

configure:3627: $? = 0
configure:3616: gcc -v >&5
Using built-in specs.
COLLECT_GCC=gcc
COLLECT_LTO_WRAPPER=/usr/lib/gcc/i686-pc-linux-gnu/10.2.0/lto-wrapper
Target: i686-pc-linux-gnu
Configured with: /build/gcc/src/gcc/configure --prefix=/usr --libdir=/usr/lib --libexecdir=/usr/lib --mandir=/usr/share/man --infodir=/usr/share/info --with-bugurl=https://bugs.archlinux32.org/ --enable-languages=c,c++,ada,fortran,go,lto,objc,obj-c++,d --with-isl --with-linker-hash-style=gnu --with-system-zlib --enable-__cxa_atexit --enable-cet --enable-checking=release --enable-clocale=gnu --enable-default-pie --enable-default-ssp --enable-gnu-indirect-function --enable-gnu-unique-object --enable-install-libiberty --enable-linker-build-id --enable-lto --disable-multilib --enable-plugin --enable-shared --enable-threads=posix --disable-libssp --disable-libstdcxx-pch --disable-libunwind-exceptions --disable-werror gdc_include_dir=/usr/include/dlang/gdc --build=i686-pc-linux-gnu
Thread model: posix
Supported LTO compression algorithms: zlib zstd
gcc version 10.2.0 (GCC) 
configure:3627: $? = 0
configure:3616: gcc -V >&5
gcc: error: unrecognized command-line option '-V'
gcc: fatal error: no input files
compilation terminated.
configure:3627: $? = 1
configure:3616: gcc -qversion >&5
gcc: error: unrecognized command-line option '-qversion'; did you mean '--version'?
gcc: fatal error: no input files
compilation terminated.
configure:3627: $? = 1
configure:3647: checking whether the C compiler works
configure:3669: gcc -march=pentium4 -mtune=generic -O2 -pipe -fno-plt -D_FORTIFY_SOURCE=2 -Wl,-O1,--sort-common,--as-needed,-z,relro,-z,now conftest.c  >&5
configure:3673: $? = 0
configure:3721: result: yes
configure:3724: checking for C compiler default output file name
configure:3726: result: a.out
configure:3732: checking for suffix of executables
configure:3739: gcc -o conftest -march=pentium4 -mtune=generic -O2 -pipe -fno-plt -D_FORTIFY_SOURCE=2 -Wl,-O1,--sort-common,--as-needed,-z,relro,-z,now conftest.c  >&5
configure:3743: $? = 0
configure:3765: result: 
configure:3787: checking whether we are cross compiling
configure:3795: gcc -o conftest -march=pentium4 -mtune=generic -O2 -pipe -fno-plt -D_FORTIFY_SOURCE=2 -Wl,-O1,--sort-common,--as-needed,-z,relro,-z,now conftest.c  >&5
configure:3799: $? = 0
configure:3806: ./conftest
configure:3810: $? = 0
configure:3798: result: no
configure:3803: checking for suffix of object files
configure:3825: gcc -c -march=pentium4 -mtune=generic -O2 -pipe -fno-plt -D_FORTIFY_SOURCE=2 conftest.c >&5
configure:3829: $? = 0
configure:3850: result: o
configure:3854: checking whether we are using the GNU C compiler
configure:3873: gcc -c -march=pentium4 -mtune=generic -O2 -pipe -fno-plt -D_FORTIFY_SOURCE=2 conftest.c >&5
configure:3873: $? = 0
configure:3882: result: yes
configure:3891: checking whether gcc accepts -g
configure:3911: gcc -c -g -D_FORTIFY_SOURCE=2 conftest.c >&5
configure:3911: $? = 0
configure:3952: result: yes
configure:3969: checking for gcc option to accept ISO C89
configure:4032: gcc  -c -march=pentium4 -mtune=generic -O2 -pipe -fno-plt -D_FORTIFY_SOURCE=2 conftest.c >&5
configure:4032: $? = 0
configure:4045: result: none needed
configure:4076: checking for style of include used by make
configure:4104: result: GNU
configure:4130: checking dependency style of gcc
configure:4241: result: gcc3
configure:4314: checking for g++
configure:4330: found /usr/bin/g++
configure:4341: result: g++
configure:4368: checking for C++ compiler version
configure:4377: g++ --version >&5
g++ (GCC) 10.2.0
Copyright (C) 2020 Free Software Foundation, Inc.
This is free software; see the source for copying conditions.  There is NO
warranty; not even for MERCHANTABILITY or FITNESS FOR A PARTICULAR PURPOSE.

configure:4388: $? = 0
configure:4377: g++ -v >&5
Using built-in specs.
COLLECT_GCC=g++
COLLECT_LTO_WRAPPER=/usr/lib/gcc/i686-pc-linux-gnu/10.2.0/lto-wrapper
Target: i686-pc-linux-gnu
Configured with: /build/gcc/src/gcc/configure --prefix=/usr --libdir=/usr/lib --libexecdir=/usr/lib --mandir=/usr/share/man --infodir=/usr/share/info --with-bugurl=https://bugs.archlinux32.org/ --enable-languages=c,c++,ada,fortran,go,lto,objc,obj-c++,d --with-isl --with-linker-hash-style=gnu --with-system-zlib --enable-__cxa_atexit --enable-cet --enable-checking=release --enable-clocale=gnu --enable-default-pie --enable-default-ssp --enable-gnu-indirect-function --enable-gnu-unique-object --enable-install-libiberty --enable-linker-build-id --enable-lto --disable-multilib --enable-plugin --enable-shared --enable-threads=posix --disable-libssp --disable-libstdcxx-pch --disable-libunwind-exceptions --disable-werror gdc_include_dir=/usr/include/dlang/gdc --build=i686-pc-linux-gnu
Thread model: posix
Supported LTO compression algorithms: zlib zstd
gcc version 10.2.0 (GCC) 
configure:4388: $? = 0
configure:4377: g++ -V >&5
g++: error: unrecognized command-line option '-V'
g++: fatal error: no input files
compilation terminated.
configure:4388: $? = 1
configure:4377: g++ -qversion >&5
g++: error: unrecognized command-line option '-qversion'; did you mean '--version'?
g++: fatal error: no input files
compilation terminated.
configure:4388: $? = 1
configure:4392: checking whether we are using the GNU C++ compiler
configure:4411: g++ -c -march=pentium4 -mtune=generic -O2 -pipe -fno-plt -D_FORTIFY_SOURCE=2 conftest.cpp >&5
configure:4411: $? = 0
configure:4420: result: yes
configure:4429: checking whether g++ accepts -g
configure:4449: g++ -c -g -D_FORTIFY_SOURCE=2 conftest.cpp >&5
configure:4449: $? = 0
configure:4490: result: yes
configure:4515: checking dependency style of g++
configure:4626: result: gcc3
configure:4642: checking for library containing strerror
configure:4673: gcc -o conftest -march=pentium4 -mtune=generic -O2 -pipe -fno-plt -D_FORTIFY_SOURCE=2 -Wl,-O1,--sort-common,--as-needed,-z,relro,-z,now conftest.c  >&5
configure:4673: $? = 0
configure:4690: result: none required
configure:4703: checking how to run the C preprocessor
configure:4734: gcc -E -D_FORTIFY_SOURCE=2 conftest.c
In file included from /usr/include/bits/libc-header-start.h:33,
                 from /usr/include/limits.h:26,
                 from /usr/lib/gcc/i686-pc-linux-gnu/10.2.0/include-fixed/limits.h:195,
                 from /usr/lib/gcc/i686-pc-linux-gnu/10.2.0/include-fixed/syslimits.h:7,
                 from /usr/lib/gcc/i686-pc-linux-gnu/10.2.0/include-fixed/limits.h:34,
                 from conftest.c:12:
/usr/include/features.h:397:4: warning: #warning _FORTIFY_SOURCE requires compiling with optimization (-O) [-Wcpp]
  397 | #  warning _FORTIFY_SOURCE requires compiling with optimization (-O)
      |    ^~~~~~~
configure:4734: $? = 0
configure:4748: gcc -E -D_FORTIFY_SOURCE=2 conftest.c
conftest.c:11:10: fatal error: ac_nonexistent.h: No such file or directory
   11 | #include <ac_nonexistent.h>
      |          ^~~~~~~~~~~~~~~~~~
compilation terminated.
configure:4748: $? = 1
configure: failed program was:
| /* confdefs.h */
| #define PACKAGE_NAME "GConf"
| #define PACKAGE_TARNAME "GConf"
| #define PACKAGE_VERSION "3.2.6"
| #define PACKAGE_STRING "GConf 3.2.6"
| #define PACKAGE_BUGREPORT "http://bugzilla.gnome.org/enter_bug.cgi?product=GConf"
| #define PACKAGE_URL ""
| #define PACKAGE "GConf"
| #define VERSION "3.2.6"
| /* end confdefs.h.  */
| #include <ac_nonexistent.h>
configure:4773: result: gcc -E
configure:4793: gcc -E -D_FORTIFY_SOURCE=2 conftest.c
In file included from /usr/include/bits/libc-header-start.h:33,
                 from /usr/include/limits.h:26,
                 from /usr/lib/gcc/i686-pc-linux-gnu/10.2.0/include-fixed/limits.h:195,
                 from /usr/lib/gcc/i686-pc-linux-gnu/10.2.0/include-fixed/syslimits.h:7,
                 from /usr/lib/gcc/i686-pc-linux-gnu/10.2.0/include-fixed/limits.h:34,
                 from conftest.c:12:
/usr/include/features.h:397:4: warning: #warning _FORTIFY_SOURCE requires compiling with optimization (-O) [-Wcpp]
  397 | #  warning _FORTIFY_SOURCE requires compiling with optimization (-O)
      |    ^~~~~~~
configure:4793: $? = 0
configure:4807: gcc -E -D_FORTIFY_SOURCE=2 conftest.c
conftest.c:11:10: fatal error: ac_nonexistent.h: No such file or directory
   11 | #include <ac_nonexistent.h>
      |          ^~~~~~~~~~~~~~~~~~
compilation terminated.
configure:4807: $? = 1
configure: failed program was:
| /* confdefs.h */
| #define PACKAGE_NAME "GConf"
| #define PACKAGE_TARNAME "GConf"
| #define PACKAGE_VERSION "3.2.6"
| #define PACKAGE_STRING "GConf 3.2.6"
| #define PACKAGE_BUGREPORT "http://bugzilla.gnome.org/enter_bug.cgi?product=GConf"
| #define PACKAGE_URL ""
| #define PACKAGE "GConf"
| #define VERSION "3.2.6"
| /* end confdefs.h.  */
| #include <ac_nonexistent.h>
configure:4836: checking for grep that handles long lines and -e
configure:4894: result: /usr/bin/grep
configure:4899: checking for egrep
configure:4961: result: /usr/bin/grep -E
configure:4966: checking for ANSI C header files
configure:4986: gcc -c -march=pentium4 -mtune=generic -O2 -pipe -fno-plt -D_FORTIFY_SOURCE=2 conftest.c >&5
configure:4986: $? = 0
In file included from /usr/include/bits/libc-header-start.h:33,
                 from /usr/include/string.h:26,
                 from conftest.c:11:
/usr/include/features.h:397:4: warning: #warning _FORTIFY_SOURCE requires compiling with optimization (-O) [-Wcpp]
  397 | #  warning _FORTIFY_SOURCE requires compiling with optimization (-O)
      |    ^~~~~~~
In file included from /usr/include/bits/libc-header-start.h:33,
                 from /usr/include/stdlib.h:25,
                 from conftest.c:11:
/usr/include/features.h:397:4: warning: #warning _FORTIFY_SOURCE requires compiling with optimization (-O) [-Wcpp]
  397 | #  warning _FORTIFY_SOURCE requires compiling with optimization (-O)
      |    ^~~~~~~
configure:5059: gcc -o conftest -march=pentium4 -mtune=generic -O2 -pipe -fno-plt -D_FORTIFY_SOURCE=2 -Wl,-O1,--sort-common,--as-needed,-z,relro,-z,now conftest.c  >&5
configure:5059: $? = 0
configure:5059: ./conftest
configure:5059: $? = 0
configure:5070: result: yes
configure:5427: checking how to print strings
configure:5454: result: printf
configure:5475: checking for a sed that does not truncate output
configure:5539: result: /usr/bin/sed
configure:5557: checking for fgrep
configure:5619: result: /usr/bin/grep -F
configure:5654: checking for ld used by gcc
configure:5721: result: /usr/bin/ld
configure:5728: checking if the linker (/usr/bin/ld) is GNU ld
configure:5743: result: yes
configure:5755: checking for BSD- or MS-compatible name lister (nm)
configure:5804: result: /usr/bin/nm -B
configure:5934: checking the name lister (/usr/bin/nm -B) interface
configure:5941: gcc -c -march=pentium4 -mtune=generic -O2 -pipe -fno-plt -D_FORTIFY_SOURCE=2 conftest.c >&5
configure:5944: /usr/bin/nm -B "conftest.o"
configure:5947: output
00000000 B some_variable
configure:5948: result: BSD nm
configure:5951: checking whether ln -s works
configure:5955: result: yes
configure:5963: checking the maximum length of command line arguments
configure:6093: result: 1572864
configure:6110: checking whether the shell understands some XSI constructs
configure:6119: result: yes
configure:6123: checking whether the shell understands "+="
configure:6127: result: yes
configure:6162: checking how to convert i686-pc-linux-gnu file names to i686-pc-linux-gnu format
configure:6202: result: func_convert_file_noop
configure:6209: checking how to convert i686-pc-linux-gnu file names to toolchain format
configure:6229: result: func_convert_file_noop
configure:6236: checking for /usr/bin/ld option to reload object files
configure:6243: result: -r
configure:6317: checking for objdump
configure:6344: result: objdump
configure:6373: checking how to recognize dependent libraries
configure:6575: result: pass_all
configure:6660: checking for dlltool
configure:6687: result: dlltool
configure:6717: checking how to associate runtime and link libraries
configure:6744: result: printf %s\n
configure:6804: checking for ar
configure:6820: found /usr/bin/ar
configure:6831: result: ar
configure:6868: checking for archiver @FILE support
configure:6885: gcc -c -march=pentium4 -mtune=generic -O2 -pipe -fno-plt -D_FORTIFY_SOURCE=2 conftest.c >&5
configure:6885: $? = 0
configure:6888: ar cru libconftest.a @conftest.lst >&5
ar: `u' modifier ignored since `D' is the default (see `U')
configure:6891: $? = 0
configure:6896: ar cru libconftest.a @conftest.lst >&5
ar: `u' modifier ignored since `D' is the default (see `U')
ar: conftest.o: No such file or directory
configure:6899: $? = 1
configure:6898: result: @
configure:6956: checking for strip
configure:6972: found /usr/bin/strip
configure:6983: result: strip
configure:7055: checking for ranlib
configure:7071: found /usr/bin/ranlib
configure:7082: result: ranlib
configure:7184: checking command to parse /usr/bin/nm -B output from gcc object
configure:7304: gcc -c -march=pentium4 -mtune=generic -O2 -pipe -fno-plt -D_FORTIFY_SOURCE=2 conftest.c >&5
configure:7307: $? = 0
configure:7311: /usr/bin/nm -B conftest.o \| sed -n -e 's/^.*[ ]\([ABCDGIRSTW][ABCDGIRSTW]*\)[ ][ ]*\([_A-Za-z][_A-Za-z0-9]*\)$/\1 \2 \2/p' | sed '/ __gnu_lto/d' \> conftest.nm
configure:7314: $? = 0
configure:7380: gcc -o conftest -march=pentium4 -mtune=generic -O2 -pipe -fno-plt -D_FORTIFY_SOURCE=2 -Wl,-O1,--sort-common,--as-needed,-z,relro,-z,now conftest.c conftstm.o >&5
configure:7383: $? = 0
configure:7421: result: ok
configure:7458: checking for sysroot
configure:7488: result: no
configure:7744: checking for mt
configure:7774: result: no
configure:7794: checking if : is a manifest tool
configure:7800: : '-?'
configure:7808: result: no
configure:8450: checking for sys/types.h
configure:8450: gcc -c -march=pentium4 -mtune=generic -O2 -pipe -fno-plt -D_FORTIFY_SOURCE=2 conftest.c >&5
configure:8450: $? = 0
configure:8450: result: yes
configure:8450: checking for sys/stat.h
configure:8450: gcc -c -march=pentium4 -mtune=generic -O2 -pipe -fno-plt -D_FORTIFY_SOURCE=2 conftest.c >&5
configure:8450: $? = 0
configure:8450: result: yes
configure:8450: checking for stdlib.h
configure:8450: gcc -c -march=pentium4 -mtune=generic -O2 -pipe -fno-plt -D_FORTIFY_SOURCE=2 conftest.c >&5
configure:8450: $? = 0
configure:8450: result: yes
configure:8450: checking for string.h
configure:8450: gcc -c -march=pentium4 -mtune=generic -O2 -pipe -fno-plt -D_FORTIFY_SOURCE=2 conftest.c >&5
configure:8450: $? = 0
configure:8450: result: yes
configure:8450: checking for memory.h
configure:8450: gcc -c -march=pentium4 -mtune=generic -O2 -pipe -fno-plt -D_FORTIFY_SOURCE=2 conftest.c >&5
configure:8450: $? = 0
configure:8450: result: yes
configure:8450: checking for strings.h
configure:8450: gcc -c -march=pentium4 -mtune=generic -O2 -pipe -fno-plt -D_FORTIFY_SOURCE=2 conftest.c >&5
configure:8450: $? = 0
configure:8450: result: yes
configure:8450: checking for inttypes.h
configure:8450: gcc -c -march=pentium4 -mtune=generic -O2 -pipe -fno-plt -D_FORTIFY_SOURCE=2 conftest.c >&5
configure:8450: $? = 0
configure:8450: result: yes
configure:8450: checking for stdint.h
configure:8450: gcc -c -march=pentium4 -mtune=generic -O2 -pipe -fno-plt -D_FORTIFY_SOURCE=2 conftest.c >&5
configure:8450: $? = 0
configure:8450: result: yes
configure:8450: checking for unistd.h
configure:8450: gcc -c -march=pentium4 -mtune=generic -O2 -pipe -fno-plt -D_FORTIFY_SOURCE=2 conftest.c >&5
configure:8450: $? = 0
configure:8450: result: yes
configure:8464: checking for dlfcn.h
configure:8464: gcc -c -march=pentium4 -mtune=generic -O2 -pipe -fno-plt -D_FORTIFY_SOURCE=2 conftest.c >&5
configure:8464: $? = 0
configure:8464: result: yes
configure:8679: checking for objdir
configure:8694: result: .libs
configure:8961: checking if gcc supports -fno-rtti -fno-exceptions
configure:8979: gcc -c -march=pentium4 -mtune=generic -O2 -pipe -fno-plt -D_FORTIFY_SOURCE=2 -fno-rtti -fno-exceptions conftest.c >&5
cc1: warning: command-line option '-fno-rtti' is valid for C++/D/ObjC++ but not for C
configure:8983: $? = 0
configure:8996: result: no
configure:9323: checking for gcc option to produce PIC
configure:9330: result: -fPIC -DPIC
configure:9338: checking if gcc PIC flag -fPIC -DPIC works
configure:9356: gcc -c -march=pentium4 -mtune=generic -O2 -pipe -fno-plt -D_FORTIFY_SOURCE=2 -fPIC -DPIC -DPIC conftest.c >&5
configure:9360: $? = 0
configure:9373: result: yes
configure:9402: checking if gcc static flag -static works
configure:9430: result: yes
configure:9445: checking if gcc supports -c -o file.o
configure:9466: gcc -c -march=pentium4 -mtune=generic -O2 -pipe -fno-plt -D_FORTIFY_SOURCE=2 -o out/conftest2.o conftest.c >&5
configure:9470: $? = 0
configure:9492: result: yes
configure:9500: checking if gcc supports -c -o file.o
configure:9547: result: yes
configure:9580: checking whether the gcc linker (/usr/bin/ld) supports shared libraries
configure:10733: result: yes
configure:10770: checking whether -lc should be explicitly linked in
configure:10778: gcc -c -march=pentium4 -mtune=generic -O2 -pipe -fno-plt -D_FORTIFY_SOURCE=2 conftest.c >&5
configure:10781: $? = 0
configure:10796: gcc -shared  -fPIC -DPIC conftest.o  -v -Wl,-soname -Wl,conftest -o conftest 2\>\&1 \| /usr/bin/grep  -lc  \>/dev/null 2\>\&1
configure:10799: $? = 0
configure:10813: result: no
configure:10973: checking dynamic linker characteristics
configure:11484: gcc -o conftest -march=pentium4 -mtune=generic -O2 -pipe -fno-plt -D_FORTIFY_SOURCE=2 -Wl,-O1,--sort-common,--as-needed,-z,relro,-z,now -Wl,-rpath -Wl,/foo conftest.c  >&5
configure:11484: $? = 0
configure:11710: result: GNU/Linux ld.so
configure:11817: checking how to hardcode library paths into programs
configure:11842: result: immediate
configure:12382: checking whether stripping libraries is possible
configure:12387: result: yes
configure:12422: checking if libtool supports shared libraries
configure:12424: result: yes
configure:12427: checking whether to build shared libraries
configure:12448: result: yes
configure:12451: checking whether to build static libraries
configure:12455: result: no
configure:9484: checking how to run the C++ preprocessor
configure:9511: g++ -E -D_FORTIFY_SOURCE=2 conftest.cpp
In file included from /usr/include/bits/libc-header-start.h:33,
                 from /usr/include/limits.h:26,
                 from /usr/lib/gcc/i686-pc-linux-gnu/10.2.0/include-fixed/limits.h:195,
                 from /usr/lib/gcc/i686-pc-linux-gnu/10.2.0/include-fixed/syslimits.h:7,
                 from /usr/lib/gcc/i686-pc-linux-gnu/10.2.0/include-fixed/limits.h:34,
                 from conftest.cpp:24:
/usr/include/features.h:397:4: warning: #warning _FORTIFY_SOURCE requires compiling with optimization (-O) [-Wcpp]
  397 | #  warning _FORTIFY_SOURCE requires compiling with optimization (-O)
      |    ^~~~~~~
configure:9511: $? = 0
configure:9525: g++ -E -D_FORTIFY_SOURCE=2 conftest.cpp
conftest.cpp:23:10: fatal error: ac_nonexistent.h: No such file or directory
   23 | #include <ac_nonexistent.h>
      |          ^~~~~~~~~~~~~~~~~~
compilation terminated.
configure:9525: $? = 1
configure: failed program was:
| /* confdefs.h */
| #define PACKAGE_NAME "GConf"
| #define PACKAGE_TARNAME "GConf"
| #define PACKAGE_VERSION "3.2.6"
| #define PACKAGE_STRING "GConf 3.2.6"
| #define PACKAGE_BUGREPORT "http://bugzilla.gnome.org/enter_bug.cgi?product=GConf"
| #define PACKAGE_URL ""
| #define PACKAGE "GConf"
| #define VERSION "3.2.6"
| #define STDC_HEADERS 1
| #define HAVE_SYS_TYPES_H 1
| #define HAVE_SYS_STAT_H 1
| #define HAVE_STDLIB_H 1
| #define HAVE_STRING_H 1
| #define HAVE_MEMORY_H 1
| #define HAVE_STRINGS_H 1
| #define HAVE_INTTYPES_H 1
| #define HAVE_STDINT_H 1
| #define HAVE_UNISTD_H 1
| #define HAVE_DLFCN_H 1
| #define LT_OBJDIR ".libs/"
| /* end confdefs.h.  */
| #include <ac_nonexistent.h>
configure:9550: result: g++ -E
configure:9570: g++ -E -D_FORTIFY_SOURCE=2 conftest.cpp
In file included from /usr/include/bits/libc-header-start.h:33,
                 from /usr/include/limits.h:26,
                 from /usr/lib/gcc/i686-pc-linux-gnu/10.2.0/include-fixed/limits.h:195,
                 from /usr/lib/gcc/i686-pc-linux-gnu/10.2.0/include-fixed/syslimits.h:7,
                 from /usr/lib/gcc/i686-pc-linux-gnu/10.2.0/include-fixed/limits.h:34,
                 from conftest.cpp:24:
/usr/include/features.h:397:4: warning: #warning _FORTIFY_SOURCE requires compiling with optimization (-O) [-Wcpp]
  397 | #  warning _FORTIFY_SOURCE requires compiling with optimization (-O)
      |    ^~~~~~~
configure:9570: $? = 0
configure:9584: g++ -E -D_FORTIFY_SOURCE=2 conftest.cpp
conftest.cpp:23:10: fatal error: ac_nonexistent.h: No such file or directory
   23 | #include <ac_nonexistent.h>
      |          ^~~~~~~~~~~~~~~~~~
compilation terminated.
configure:9584: $? = 1
configure: failed program was:
| /* confdefs.h */
| #define PACKAGE_NAME "GConf"
| #define PACKAGE_TARNAME "GConf"
| #define PACKAGE_VERSION "3.2.6"
| #define PACKAGE_STRING "GConf 3.2.6"
| #define PACKAGE_BUGREPORT "http://bugzilla.gnome.org/enter_bug.cgi?product=GConf"
| #define PACKAGE_URL ""
| #define PACKAGE "GConf"
| #define VERSION "3.2.6"
| #define STDC_HEADERS 1
| #define HAVE_SYS_TYPES_H 1
| #define HAVE_SYS_STAT_H 1
| #define HAVE_STDLIB_H 1
| #define HAVE_STRING_H 1
| #define HAVE_MEMORY_H 1
| #define HAVE_STRINGS_H 1
| #define HAVE_INTTYPES_H 1
| #define HAVE_STDINT_H 1
| #define HAVE_UNISTD_H 1
| #define HAVE_DLFCN_H 1
| #define LT_OBJDIR ".libs/"
| /* end confdefs.h.  */
| #include <ac_nonexistent.h>
configure:9753: checking for ld used by g++
configure:9820: result: /usr/bin/ld
configure:9827: checking if the linker (/usr/bin/ld) is GNU ld
configure:9842: result: yes
configure:9897: checking whether the g++ linker (/usr/bin/ld) supports shared libraries
configure:10902: result: yes
configure:10938: g++ -c -march=pentium4 -mtune=generic -O2 -pipe -fno-plt -D_FORTIFY_SOURCE=2 conftest.cpp >&5
configure:10941: $? = 0
configure:11461: checking for g++ option to produce PIC
configure:11468: result: -fPIC -DPIC
configure:11476: checking if g++ PIC flag -fPIC -DPIC works
configure:11494: g++ -c -march=pentium4 -mtune=generic -O2 -pipe -fno-plt -D_FORTIFY_SOURCE=2 -fPIC -DPIC -DPIC conftest.cpp >&5
configure:11498: $? = 0
configure:11511: result: yes
configure:11534: checking if g++ static flag -static works
configure:11562: result: yes
configure:11574: checking if g++ supports -c -o file.o
configure:11595: g++ -c -march=pentium4 -mtune=generic -O2 -pipe -fno-plt -D_FORTIFY_SOURCE=2 -o out/conftest2.o conftest.cpp >&5
configure:11599: $? = 0
configure:11621: result: yes
configure:11626: checking if g++ supports -c -o file.o
configure:11673: result: yes
configure:11703: checking whether the g++ linker (/usr/bin/ld) supports shared libraries
configure:11739: result: yes
configure:11880: checking dynamic linker characteristics
configure:12551: result: GNU/Linux ld.so
configure:12604: checking how to hardcode library paths into programs
configure:12629: result: immediate
configure:11628: checking for glib-genmarshal
configure:11646: found /usr/bin/glib-genmarshal
configure:11658: result: /usr/bin/glib-genmarshal
configure:11755: Will build with debug checks but no debug spew
configure:11814: checking for pkg-config
configure:11832: found /usr/bin/pkg-config
configure:11844: result: /usr/bin/pkg-config
configure:11869: checking pkg-config is at least version 0.9.0
configure:11872: result: yes
configure:11885: checking for gtkdoc-check
configure:11903: found /usr/bin/gtkdoc-check
configure:11915: result: /usr/bin/gtkdoc-check
configure:11927: checking for gtkdoc-rebase
configure:11945: found /usr/bin/gtkdoc-rebase
configure:11957: result: /usr/bin/gtkdoc-rebase
configure:11971: checking for gtkdoc-mkpdf
configure:11989: found /usr/bin/gtkdoc-mkpdf
configure:12001: result: /usr/bin/gtkdoc-mkpdf
configure:12115: checking whether to build gtk-doc documentation
configure:12117: result: no
configure:12202: checking which gtk+ version to compile against
configure:12215: result: 2.0
configure:12244: checking for DEPENDENT
configure:12251: $PKG_CONFIG --exists --print-errors "$PKGCONFIG_MODULES"
configure:12254: $? = 0
configure:12268: $PKG_CONFIG --exists --print-errors "$PKGCONFIG_MODULES"
configure:12271: $? = 0
configure:12329: result: yes
configure:12335: checking for DEPENDENT_WITH_XML
configure:12342: $PKG_CONFIG --exists --print-errors "$PKGCONFIG_MODULES_WITH_XML"
configure:12345: $? = 0
configure:12359: $PKG_CONFIG --exists --print-errors "$PKGCONFIG_MODULES_WITH_XML"
configure:12362: $? = 0
configure:12420: result: yes
configure:12428: checking for DEPENDENT_WITH_GTK
configure:12435: $PKG_CONFIG --exists --print-errors "$PKGCONFIG_MODULES_WITH_GTK"
configure:12438: $? = 0
configure:12452: $PKG_CONFIG --exists --print-errors "$PKGCONFIG_MODULES_WITH_GTK"
configure:12455: $? = 0
configure:12493: result: yes
configure:12499: checking for DEPENDENT_WITH_XML_AND_GTK
configure:12506: $PKG_CONFIG --exists --print-errors "$PKGCONFIG_MODULES_WITH_XML_AND_GTK"
configure:12509: $? = 0
configure:12523: $PKG_CONFIG --exists --print-errors "$PKGCONFIG_MODULES_WITH_XML_AND_GTK"
configure:12526: $? = 0
configure:12564: result: yes
configure:12582: checking for DEPENDENT_DBUS
configure:12589: $PKG_CONFIG --exists --print-errors "$PKGCONFIG_MODULES_DBUS"
configure:12592: $? = 0
configure:12606: $PKG_CONFIG --exists --print-errors "$PKGCONFIG_MODULES_DBUS"
configure:12609: $? = 0
configure:12667: result: yes
configure:12672: checking whether to use ORBit
configure:12800: result: no
configure:12864: checking for DEFAULTS
configure:12871: $PKG_CONFIG --exists --print-errors "glib-2.0 gthread-2.0 gobject-2.0 dbus-1 dbus-glib-1 polkit-gobject-1"
configure:12874: $? = 0
configure:12888: $PKG_CONFIG --exists --print-errors "glib-2.0 gthread-2.0 gobject-2.0 dbus-1 dbus-glib-1 polkit-gobject-1"
configure:12891: $? = 0
configure:12929: result: yes
configure:12971: checking for GSETTINGS
configure:12978: $PKG_CONFIG --exists --print-errors "gio-2.0 >= 2.25.0"
configure:12981: $? = 0
configure:12995: $PKG_CONFIG --exists --print-errors "gio-2.0 >= 2.25.0"
configure:12998: $? = 0
configure:13036: result: yes
configure:13051: checking for gio-querymodules
configure:13069: found /usr/bin/gio-querymodules
configure:13082: result: /usr/bin/gio-querymodules
configure:13111: checking pthread.h usability
configure:13111: gcc -c -march=pentium4 -mtune=generic -O2 -pipe -fno-plt -Wall -D_FORTIFY_SOURCE=2 conftest.c >&5
configure:13111: $? = 0
configure:13111: result: yes
configure:13111: checking pthread.h presence
configure:13111: gcc -E -D_FORTIFY_SOURCE=2 conftest.c
In file included from /usr/include/pthread.h:21,
                 from conftest.c:27:
/usr/include/features.h:397:4: warning: #warning _FORTIFY_SOURCE requires compiling with optimization (-O) [-Wcpp]
  397 | #  warning _FORTIFY_SOURCE requires compiling with optimization (-O)
      |    ^~~~~~~
configure:13111: $? = 0
configure:13111: result: yes
configure:13111: checking for pthread.h
configure:13111: result: yes
configure:13129: checking syslog.h usability
configure:13129: gcc -c -march=pentium4 -mtune=generic -O2 -pipe -fno-plt -Wall -D_FORTIFY_SOURCE=2 conftest.c >&5
configure:13129: $? = 0
configure:13129: result: yes
configure:13129: checking syslog.h presence
configure:13129: gcc -E -D_FORTIFY_SOURCE=2 conftest.c
In file included from /usr/include/sys/syslog.h:35,
                 from /usr/include/syslog.h:1,
                 from conftest.c:27:
/usr/include/features.h:397:4: warning: #warning _FORTIFY_SOURCE requires compiling with optimization (-O) [-Wcpp]
  397 | #  warning _FORTIFY_SOURCE requires compiling with optimization (-O)
      |    ^~~~~~~
configure:13129: $? = 0
configure:13129: result: yes
configure:13129: checking for syslog.h
configure:13129: result: yes
configure:13129: checking sys/wait.h usability
configure:13129: gcc -c -march=pentium4 -mtune=generic -O2 -pipe -fno-plt -Wall -D_FORTIFY_SOURCE=2 conftest.c >&5
configure:13129: $? = 0
configure:13129: result: yes
configure:13129: checking sys/wait.h presence
configure:13129: gcc -E -D_FORTIFY_SOURCE=2 conftest.c
In file included from /usr/include/sys/wait.h:25,
                 from conftest.c:28:
/usr/include/features.h:397:4: warning: #warning _FORTIFY_SOURCE requires compiling with optimization (-O) [-Wcpp]
  397 | #  warning _FORTIFY_SOURCE requires compiling with optimization (-O)
      |    ^~~~~~~
configure:13129: $? = 0
configure:13129: result: yes
configure:13129: checking for sys/wait.h
configure:13129: result: yes
configure:13143: checking for getuid
configure:13143: gcc -o conftest -march=pentium4 -mtune=generic -O2 -pipe -fno-plt -Wall -D_FORTIFY_SOURCE=2 -Wl,-O1,--sort-common,--as-needed,-z,relro,-z,now conftest.c  >&5
configure:13143: $? = 0
configure:13143: result: yes
configure:13143: checking for sigaction
configure:13143: gcc -o conftest -march=pentium4 -mtune=generic -O2 -pipe -fno-plt -Wall -D_FORTIFY_SOURCE=2 -Wl,-O1,--sort-common,--as-needed,-z,relro,-z,now conftest.c  >&5
configure:13143: $? = 0
configure:13143: result: yes
configure:13143: checking for fsync
configure:13143: gcc -o conftest -march=pentium4 -mtune=generic -O2 -pipe -fno-plt -Wall -D_FORTIFY_SOURCE=2 -Wl,-O1,--sort-common,--as-needed,-z,relro,-z,now conftest.c  >&5
configure:13143: $? = 0
configure:13143: result: yes
configure:13143: checking for fchmod
configure:13143: gcc -o conftest -march=pentium4 -mtune=generic -O2 -pipe -fno-plt -Wall -D_FORTIFY_SOURCE=2 -Wl,-O1,--sort-common,--as-needed,-z,relro,-z,now conftest.c  >&5
configure:13143: $? = 0
configure:13143: result: yes
configure:13143: checking for fdwalk
configure:13143: gcc -o conftest -march=pentium4 -mtune=generic -O2 -pipe -fno-plt -Wall -D_FORTIFY_SOURCE=2 -Wl,-O1,--sort-common,--as-needed,-z,relro,-z,now conftest.c  >&5
/usr/bin/ld: /tmp/ccBIeoAt.o: in function `main':
conftest.c:(.text.startup+0x12): undefined reference to `fdwalk'
collect2: error: ld returned 1 exit status
configure:13143: $? = 1
configure: failed program was:
| /* confdefs.h */
| #define PACKAGE_NAME "GConf"
| #define PACKAGE_TARNAME "GConf"
| #define PACKAGE_VERSION "3.2.6"
| #define PACKAGE_STRING "GConf 3.2.6"
| #define PACKAGE_BUGREPORT "http://bugzilla.gnome.org/enter_bug.cgi?product=GConf"
| #define PACKAGE_URL ""
| #define PACKAGE "GConf"
| #define VERSION "3.2.6"
| #define STDC_HEADERS 1
| #define HAVE_SYS_TYPES_H 1
| #define HAVE_SYS_STAT_H 1
| #define HAVE_STDLIB_H 1
| #define HAVE_STRING_H 1
| #define HAVE_MEMORY_H 1
| #define HAVE_STRINGS_H 1
| #define HAVE_INTTYPES_H 1
| #define HAVE_STDINT_H 1
| #define HAVE_UNISTD_H 1
| #define HAVE_DLFCN_H 1
| #define LT_OBJDIR ".libs/"
| #define GETTEXT_PACKAGE "GConf2"
| #define HAVE_DBUS 1
| #define ENABLE_DEFAULTS_SERVICE 1
| #define ENABLE_GSETTINGS_BACKEND 1
| #define HAVE_SYSLOG_H 1
| #define HAVE_SYS_WAIT_H 1
| #define HAVE_GETUID 1
| #define HAVE_SIGACTION 1
| #define HAVE_FSYNC 1
| #define HAVE_FCHMOD 1
| /* end confdefs.h.  */
| /* Define fdwalk to an innocuous variant, in case <limits.h> declares fdwalk.
|    For example, HP-UX 11i <limits.h> declares gettimeofday.  */
| #define fdwalk innocuous_fdwalk
| 
| /* System header to define __stub macros and hopefully few prototypes,
|     which can conflict with char fdwalk (); below.
|     Prefer <limits.h> to <assert.h> if __STDC__ is defined, since
|     <limits.h> exists even on freestanding compilers.  */
| 
| #ifdef __STDC__
| # include <limits.h>
| #else
| # include <assert.h>
| #endif
| 
| #undef fdwalk
| 
| /* Override any GCC internal prototype to avoid an error.
|    Use char because int might match the return type of a GCC
|    builtin and then its argument prototype would still apply.  */
| #ifdef __cplusplus
| extern "C"
| #endif
| char fdwalk ();
| /* The GNU C library defines this for functions which it implements
|     to always fail with ENOSYS.  Some functions are actually named
|     something starting with __ and the normal name is an alias.  */
| #if defined __stub_fdwalk || defined __stub___fdwalk
| choke me
| #endif
| 
| int
| main ()
| {
| return fdwalk ();
|   ;
|   return 0;
| }
configure:13143: result: no
configure:13166: checking ldap.h usability
configure:13166: gcc -c -march=pentium4 -mtune=generic -O2 -pipe -fno-plt -Wall -D_FORTIFY_SOURCE=2 conftest.c >&5
configure:13166: $? = 0
configure:13166: result: yes
configure:13166: checking ldap.h presence
configure:13166: gcc -E -D_FORTIFY_SOURCE=2 conftest.c
In file included from /usr/include/bits/libc-header-start.h:33,
                 from /usr/include/string.h:26,
                 from /usr/include/lber.h:30,
                 from /usr/include/ldap.h:30,
                 from conftest.c:33:
/usr/include/features.h:397:4: warning: #warning _FORTIFY_SOURCE requires compiling with optimization (-O) [-Wcpp]
  397 | #  warning _FORTIFY_SOURCE requires compiling with optimization (-O)
      |    ^~~~~~~
configure:13166: $? = 0
configure:13166: result: yes
configure:13166: checking for ldap.h
configure:13166: result: yes
configure:13169: checking for ldap_init in -lldap
configure:13194: gcc -o conftest -march=pentium4 -mtune=generic -O2 -pipe -fno-plt -Wall -D_FORTIFY_SOURCE=2 -Wl,-O1,--sort-common,--as-needed,-z,relro,-z,now conftest.c -lldap   >&5
configure:13194: $? = 0
configure:13203: result: yes
configure:13206: checking for ber_free in -llber
configure:13231: gcc -o conftest -march=pentium4 -mtune=generic -O2 -pipe -fno-plt -Wall -D_FORTIFY_SOURCE=2 -Wl,-O1,--sort-common,--as-needed,-z,relro,-z,now conftest.c -llber   >&5
configure:13231: $? = 0
configure:13240: result: yes
configure:13261: checking for ldap_ntlm_bind
configure:13261: gcc -o conftest -march=pentium4 -mtune=generic -O2 -pipe -fno-plt -Wall -DLDAP_DEPRECATED -D_FORTIFY_SOURCE=2 -Wl,-O1,--sort-common,--as-needed,-z,relro,-z,now conftest.c  -lldap -llber >&5
configure:13261: $? = 0
configure:13261: result: yes
configure:13310: checking whether NLS is requested
configure:13319: result: yes
configure:13337: checking for intltool >= 0.35.0
configure:13339: result: 0.51.0 found
configure:13347: checking for intltool-update
configure:13365: found /usr/bin/intltool-update
configure:13377: result: /usr/bin/intltool-update
configure:13387: checking for intltool-merge
configure:13405: found /usr/bin/intltool-merge
configure:13417: result: /usr/bin/intltool-merge
configure:13427: checking for intltool-extract
configure:13445: found /usr/bin/intltool-extract
configure:13457: result: /usr/bin/intltool-extract
configure:13611: checking for xgettext
configure:13629: found /usr/bin/xgettext
configure:13641: result: /usr/bin/xgettext
configure:13651: checking for msgmerge
configure:13669: found /usr/bin/msgmerge
configure:13681: result: /usr/bin/msgmerge
configure:13691: checking for msgfmt
configure:13709: found /usr/bin/msgfmt
configure:13721: result: /usr/bin/msgfmt
configure:13731: checking for gmsgfmt
configure:13762: result: /usr/bin/msgfmt
configure:13782: checking for perl
configure:13800: found /usr/bin/perl
configure:13812: result: /usr/bin/perl
configure:13823: checking for perl >= 5.8.1
configure:13830: result: 5.32.0
configure:13834: checking for XML::Parser
configure:13837: result: ok
configure:13862: gcc -o conftest -march=pentium4 -mtune=generic -O2 -pipe -fno-plt -Wall -D_FORTIFY_SOURCE=2 -Wl,-O1,--sort-common,--as-needed,-z,relro,-z,now conftest.c  >&5
configure:13862: $? = 0
configure:13892: checking locale.h usability
configure:13892: gcc -c -march=pentium4 -mtune=generic -O2 -pipe -fno-plt -Wall -D_FORTIFY_SOURCE=2 conftest.c >&5
configure:13892: $? = 0
configure:13892: result: yes
configure:13892: checking locale.h presence
configure:13892: gcc -E -D_FORTIFY_SOURCE=2 conftest.c
In file included from /usr/include/locale.h:25,
                 from conftest.c:34:
/usr/include/features.h:397:4: warning: #warning _FORTIFY_SOURCE requires compiling with optimization (-O) [-Wcpp]
  397 | #  warning _FORTIFY_SOURCE requires compiling with optimization (-O)
      |    ^~~~~~~
configure:13892: $? = 0
configure:13892: result: yes
configure:13892: checking for locale.h
configure:13892: result: yes
configure:13903: checking for LC_MESSAGES
configure:13919: gcc -o conftest -march=pentium4 -mtune=generic -O2 -pipe -fno-plt -Wall -D_FORTIFY_SOURCE=2 -Wl,-O1,--sort-common,--as-needed,-z,relro,-z,now conftest.c  >&5
configure:13919: $? = 0
configure:13927: result: yes
configure:13944: checking libintl.h usability
configure:13944: gcc -c -march=pentium4 -mtune=generic -O2 -pipe -fno-plt -Wall -D_FORTIFY_SOURCE=2 conftest.c >&5
configure:13944: $? = 0
configure:13944: result: yes
configure:13944: checking libintl.h presence
configure:13944: gcc -E -D_FORTIFY_SOURCE=2 conftest.c
In file included from /usr/include/libintl.h:23,
                 from conftest.c:36:
/usr/include/features.h:397:4: warning: #warning _FORTIFY_SOURCE requires compiling with optimization (-O) [-Wcpp]
  397 | #  warning _FORTIFY_SOURCE requires compiling with optimization (-O)
      |    ^~~~~~~
configure:13944: $? = 0
configure:13944: result: yes
configure:13944: checking for libintl.h
configure:13944: result: yes
configure:13952: checking for ngettext in libc
configure:13970: gcc -o conftest -march=pentium4 -mtune=generic -O2 -pipe -fno-plt -Wall -D_FORTIFY_SOURCE=2 -Wl,-O1,--sort-common,--as-needed,-z,relro,-z,now conftest.c  >&5
configure:13970: $? = 0
configure:13979: result: yes
configure:13983: checking for dgettext in libc
configure:14001: gcc -o conftest -march=pentium4 -mtune=generic -O2 -pipe -fno-plt -Wall -D_FORTIFY_SOURCE=2 -Wl,-O1,--sort-common,--as-needed,-z,relro,-z,now conftest.c  >&5
configure:14001: $? = 0
configure:14010: result: yes
configure:14017: checking for bind_textdomain_codeset
configure:14017: gcc -o conftest -march=pentium4 -mtune=generic -O2 -pipe -fno-plt -Wall -D_FORTIFY_SOURCE=2 -Wl,-O1,--sort-common,--as-needed,-z,relro,-z,now conftest.c  >&5
configure:14017: $? = 0
configure:14017: result: yes
configure:14293: checking for msgfmt
configure:14320: result: /usr/bin/msgfmt
configure:14331: checking for dcgettext
configure:14331: gcc -o conftest -march=pentium4 -mtune=generic -O2 -pipe -fno-plt -Wall -D_FORTIFY_SOURCE=2 -Wl,-O1,--sort-common,--as-needed,-z,relro,-z,now conftest.c   >&5
conftest.c:61:6: warning: conflicting types for built-in function 'dcgettext'; expected 'char *(const char *, const char *, int)' [-Wbuiltin-declaration-mismatch]
   61 | char dcgettext ();
      |      ^~~~~~~~~
configure:14331: $? = 0
configure:14331: result: yes
configure:14341: checking if msgfmt accepts -c
configure:14356: $MSGFMT -c -o /dev/null conftest.foo
conftest.foo:3: warning: header field 'Language' missing in header
configure:14359: $? = 0
configure:14361: result: yes
configure:14371: checking for gmsgfmt
configure:14402: result: /usr/bin/msgfmt
configure:14412: checking for xgettext
configure:14439: result: /usr/bin/xgettext
configure:14458: gcc -o conftest -march=pentium4 -mtune=generic -O2 -pipe -fno-plt -Wall -D_FORTIFY_SOURCE=2 -Wl,-O1,--sort-common,--as-needed,-z,relro,-z,now conftest.c   >&5
configure:14458: $? = 0
configure:14600: checking for bind_textdomain_codeset
configure:14600: result: yes
configure:14621: checking for gobject-introspection
configure:14652: $PKG_CONFIG --exists --print-errors "gobject-introspection-1.0 >= 0.9.5"
configure:14655: $? = 0
configure:14667: result: yes
configure:14817: checking that generated files are newer than configure
configure:14823: result: done
configure:14926: creating ./config.status

## ---------------------- ##
## Running config.status. ##
## ---------------------- ##

This file was extended by GConf config.status 3.2.6, which was
generated by GNU Autoconf 2.69.  Invocation command line was

  CONFIG_FILES    = 
  CONFIG_HEADERS  = 
  CONFIG_LINKS    = 
  CONFIG_COMMANDS = 
  $ ./config.status 

on victor

config.status:1331: creating Makefile
config.status:1331: creating gconf-2.m4
config.status:1331: creating gconf-zip
config.status:1331: creating gconf/Makefile
config.status:1331: creating backends/Makefile
config.status:1331: creating po/Makefile.in
config.status:1331: creating doc/Makefile
config.status:1331: creating doc/gconf/Makefile
config.status:1331: creating examples/Makefile
config.status:1331: creating tests/Makefile
config.status:1331: creating defaults/Makefile
config.status:1331: creating gsettings/Makefile
config.status:1331: creating gconf-2.0.pc
config.status:1331: creating config.h
config.status:1560: executing depfiles commands
config.status:1560: executing libtool commands
config.status:1560: executing default-1 commands
config.status:1560: executing po/stamp-it commands

## ---------------- ##
## Cache variables. ##
## ---------------- ##

ac_cv_build=i686-pc-linux-gnu
ac_cv_c_compiler_gnu=yes
ac_cv_cxx_compiler_gnu=yes
ac_cv_env_CCC_set=
ac_cv_env_CCC_value=
ac_cv_env_CC_set=
ac_cv_env_CC_value=
ac_cv_env_CFLAGS_set=set
ac_cv_env_CFLAGS_value='-march=pentium4 -mtune=generic -O2 -pipe -fno-plt'
ac_cv_env_CPPFLAGS_set=set
ac_cv_env_CPPFLAGS_value=-D_FORTIFY_SOURCE=2
ac_cv_env_CPP_set=
ac_cv_env_CPP_value=
ac_cv_env_CXXCPP_set=
ac_cv_env_CXXCPP_value=
ac_cv_env_CXXFLAGS_set=set
ac_cv_env_CXXFLAGS_value='-march=pentium4 -mtune=generic -O2 -pipe -fno-plt'
ac_cv_env_CXX_set=
ac_cv_env_CXX_value=
ac_cv_env_DEFAULTS_CFLAGS_set=
ac_cv_env_DEFAULTS_CFLAGS_value=
ac_cv_env_DEFAULTS_LIBS_set=
ac_cv_env_DEFAULTS_LIBS_value=
ac_cv_env_DEPENDENT_CFLAGS_set=
ac_cv_env_DEPENDENT_CFLAGS_value=
ac_cv_env_DEPENDENT_DBUS_CFLAGS_set=
ac_cv_env_DEPENDENT_DBUS_CFLAGS_value=
ac_cv_env_DEPENDENT_DBUS_LIBS_set=
ac_cv_env_DEPENDENT_DBUS_LIBS_value=
ac_cv_env_DEPENDENT_LIBS_set=
ac_cv_env_DEPENDENT_LIBS_value=
ac_cv_env_DEPENDENT_ORBIT_CFLAGS_set=
ac_cv_env_DEPENDENT_ORBIT_CFLAGS_value=
ac_cv_env_DEPENDENT_ORBIT_LIBS_set=
ac_cv_env_DEPENDENT_ORBIT_LIBS_value=
ac_cv_env_DEPENDENT_WITH_GTK_CFLAGS_set=
ac_cv_env_DEPENDENT_WITH_GTK_CFLAGS_value=
ac_cv_env_DEPENDENT_WITH_GTK_LIBS_set=
ac_cv_env_DEPENDENT_WITH_GTK_LIBS_value=
ac_cv_env_DEPENDENT_WITH_XML_AND_GTK_CFLAGS_set=
ac_cv_env_DEPENDENT_WITH_XML_AND_GTK_CFLAGS_value=
ac_cv_env_DEPENDENT_WITH_XML_AND_GTK_LIBS_set=
ac_cv_env_DEPENDENT_WITH_XML_AND_GTK_LIBS_value=
ac_cv_env_DEPENDENT_WITH_XML_CFLAGS_set=
ac_cv_env_DEPENDENT_WITH_XML_CFLAGS_value=
ac_cv_env_DEPENDENT_WITH_XML_LIBS_set=
ac_cv_env_DEPENDENT_WITH_XML_LIBS_value=
ac_cv_env_GSETTINGS_CFLAGS_set=
ac_cv_env_GSETTINGS_CFLAGS_value=
ac_cv_env_GSETTINGS_LIBS_set=
ac_cv_env_GSETTINGS_LIBS_value=
ac_cv_env_GTKDOC_DEPS_CFLAGS_set=
ac_cv_env_GTKDOC_DEPS_CFLAGS_value=
ac_cv_env_GTKDOC_DEPS_LIBS_set=
ac_cv_env_GTKDOC_DEPS_LIBS_value=
ac_cv_env_LDFLAGS_set=set
ac_cv_env_LDFLAGS_value=-Wl,-O1,--sort-common,--as-needed,-z,relro,-z,now
ac_cv_env_LIBS_set=
ac_cv_env_LIBS_value=
ac_cv_env_PKG_CONFIG_LIBDIR_set=
ac_cv_env_PKG_CONFIG_LIBDIR_value=
ac_cv_env_PKG_CONFIG_PATH_set=
ac_cv_env_PKG_CONFIG_PATH_value=
ac_cv_env_PKG_CONFIG_set=
ac_cv_env_PKG_CONFIG_value=
ac_cv_env_build_alias_set=
ac_cv_env_build_alias_value=
ac_cv_env_host_alias_set=
ac_cv_env_host_alias_value=
ac_cv_env_target_alias_set=
ac_cv_env_target_alias_value=
ac_cv_func_bind_textdomain_codeset=yes
ac_cv_func_dcgettext=yes
ac_cv_func_fchmod=yes
ac_cv_func_fdwalk=no
ac_cv_func_fsync=yes
ac_cv_func_getuid=yes
ac_cv_func_ldap_ntlm_bind=yes
ac_cv_func_sigaction=yes
ac_cv_header_dlfcn_h=yes
ac_cv_header_inttypes_h=yes
ac_cv_header_ldap_h=yes
ac_cv_header_libintl_h=yes
ac_cv_header_locale_h=yes
ac_cv_header_memory_h=yes
ac_cv_header_pthread_h=yes
ac_cv_header_stdc=yes
ac_cv_header_stdint_h=yes
ac_cv_header_stdlib_h=yes
ac_cv_header_string_h=yes
ac_cv_header_strings_h=yes
ac_cv_header_sys_stat_h=yes
ac_cv_header_sys_types_h=yes
ac_cv_header_sys_wait_h=yes
ac_cv_header_syslog_h=yes
ac_cv_header_unistd_h=yes
ac_cv_host=i686-pc-linux-gnu
ac_cv_lib_lber_ber_free=yes
ac_cv_lib_ldap_ldap_init=yes
ac_cv_objext=o
ac_cv_path_EGREP='/usr/bin/grep -E'
ac_cv_path_FGREP='/usr/bin/grep -F'
ac_cv_path_GIO_QUERYMODULES=/usr/bin/gio-querymodules
ac_cv_path_GLIB_GENMARSHAL=/usr/bin/glib-genmarshal
ac_cv_path_GMSGFMT=/usr/bin/msgfmt
ac_cv_path_GREP=/usr/bin/grep
ac_cv_path_GTKDOC_CHECK=/usr/bin/gtkdoc-check
ac_cv_path_GTKDOC_MKPDF=/usr/bin/gtkdoc-mkpdf
ac_cv_path_GTKDOC_REBASE=/usr/bin/gtkdoc-rebase
ac_cv_path_INTLTOOL_EXTRACT=/usr/bin/intltool-extract
ac_cv_path_INTLTOOL_MERGE=/usr/bin/intltool-merge
ac_cv_path_INTLTOOL_PERL=/usr/bin/perl
ac_cv_path_INTLTOOL_UPDATE=/usr/bin/intltool-update
ac_cv_path_MSGFMT=/usr/bin/msgfmt
ac_cv_path_MSGMERGE=/usr/bin/msgmerge
ac_cv_path_SED=/usr/bin/sed
ac_cv_path_XGETTEXT=/usr/bin/xgettext
ac_cv_path_ac_pt_PKG_CONFIG=/usr/bin/pkg-config
ac_cv_path_install='/usr/bin/install -c'
ac_cv_path_mkdir=/usr/bin/mkdir
ac_cv_prog_AWK=gawk
ac_cv_prog_CPP='gcc -E'
ac_cv_prog_CXXCPP='g++ -E'
ac_cv_prog_ac_ct_AR=ar
ac_cv_prog_ac_ct_CC=gcc
ac_cv_prog_ac_ct_CXX=g++
ac_cv_prog_ac_ct_DLLTOOL=dlltool
ac_cv_prog_ac_ct_OBJDUMP=objdump
ac_cv_prog_ac_ct_RANLIB=ranlib
ac_cv_prog_ac_ct_STRIP=strip
ac_cv_prog_cc_c89=
ac_cv_prog_cc_g=yes
ac_cv_prog_cxx_g=yes
ac_cv_prog_make_make_set=yes
ac_cv_search_strerror='none required'
am_cv_CC_dependencies_compiler_type=gcc3
am_cv_CXX_dependencies_compiler_type=gcc3
am_cv_make_support_nested_variables=yes
am_cv_val_LC_MESSAGES=yes
gt_cv_func_dgettext_libc=yes
gt_cv_func_dgettext_libintl=no
gt_cv_func_ngettext_libc=yes
gt_cv_have_gettext=yes
lt_cv_ar_at_file=@
lt_cv_archive_cmds_need_lc=no
lt_cv_deplibs_check_method=pass_all
lt_cv_file_magic_cmd='$MAGIC_CMD'
lt_cv_file_magic_test_file=
lt_cv_ld_reload_flag=-r
lt_cv_nm_interface='BSD nm'
lt_cv_objdir=.libs
lt_cv_path_LD=/usr/bin/ld
lt_cv_path_LDCXX=/usr/bin/ld
lt_cv_path_NM='/usr/bin/nm -B'
lt_cv_path_mainfest_tool=no
lt_cv_prog_compiler_c_o=yes
lt_cv_prog_compiler_c_o_CXX=yes
lt_cv_prog_compiler_pic='-fPIC -DPIC'
lt_cv_prog_compiler_pic_CXX='-fPIC -DPIC'
lt_cv_prog_compiler_pic_works=yes
lt_cv_prog_compiler_pic_works_CXX=yes
lt_cv_prog_compiler_rtti_exceptions=no
lt_cv_prog_compiler_static_works=yes
lt_cv_prog_compiler_static_works_CXX=yes
lt_cv_prog_gnu_ld=yes
lt_cv_prog_gnu_ldcxx=yes
lt_cv_sharedlib_from_linklib_cmd='printf %s\n'
lt_cv_shlibpath_overrides_runpath=no
lt_cv_sys_global_symbol_pipe='sed -n -e '\''s/^.*[	 ]\([ABCDGIRSTW][ABCDGIRSTW]*\)[	 ][	 ]*\([_A-Za-z][_A-Za-z0-9]*\)$/\1 \2 \2/p'\'' | sed '\''/ __gnu_lto/d'\'''
lt_cv_sys_global_symbol_to_c_name_address='sed -n -e '\''s/^: \([^ ]*\)[ ]*$/  {\"\1\", (void *) 0},/p'\'' -e '\''s/^[ABCDGIRSTW]* \([^ ]*\) \([^ ]*\)$/  {"\2", (void *) \&\2},/p'\'''
lt_cv_sys_global_symbol_to_c_name_address_lib_prefix='sed -n -e '\''s/^: \([^ ]*\)[ ]*$/  {\"\1\", (void *) 0},/p'\'' -e '\''s/^[ABCDGIRSTW]* \([^ ]*\) \(lib[^ ]*\)$/  {"\2", (void *) \&\2},/p'\'' -e '\''s/^[ABCDGIRSTW]* \([^ ]*\) \([^ ]*\)$/  {"lib\2", (void *) \&\2},/p'\'''
lt_cv_sys_global_symbol_to_cdecl='sed -n -e '\''s/^T .* \(.*\)$/extern int \1();/p'\'' -e '\''s/^[ABCDGIRSTW]* .* \(.*\)$/extern char \1;/p'\'''
lt_cv_sys_max_cmd_len=1572864
lt_cv_to_host_file_cmd=func_convert_file_noop
lt_cv_to_tool_file_cmd=func_convert_file_noop
pkg_cv_DEFAULTS_CFLAGS='-I/usr/include/glib-2.0 -I/usr/lib/glib-2.0/include -I/usr/include/dbus-1.0 -I/usr/lib/dbus-1.0/include -I/usr/include/polkit-1 -pthread -I/usr/include/libmount -I/usr/include/blkid '
pkg_cv_DEFAULTS_LIBS='-lgthread-2.0 -pthread -lglib-2.0 -ldbus-glib-1 -ldbus-1 -lpolkit-gobject-1 -lgio-2.0 -lgobject-2.0 -lglib-2.0 '
pkg_cv_DEPENDENT_CFLAGS='-I/usr/include/glib-2.0 -I/usr/lib/glib-2.0/include -I/usr/include/libmount -I/usr/include/blkid -pthread '
pkg_cv_DEPENDENT_DBUS_CFLAGS='-I/usr/include/dbus-1.0 -I/usr/lib/dbus-1.0/include -I/usr/include/glib-2.0 -I/usr/lib/glib-2.0/include '
pkg_cv_DEPENDENT_DBUS_LIBS='-ldbus-glib-1 -ldbus-1 -lgobject-2.0 -lglib-2.0 '
pkg_cv_DEPENDENT_LIBS='-lgio-2.0 -lgthread-2.0 -Wl,--export-dynamic -lgmodule-2.0 -pthread -lglib-2.0 -lgobject-2.0 -lglib-2.0 '
pkg_cv_DEPENDENT_WITH_GTK_CFLAGS='-I/usr/include/glib-2.0 -I/usr/lib/glib-2.0/include -I/usr/include/libmount -I/usr/include/blkid -I/usr/include/gtk-2.0 -I/usr/lib/gtk-2.0/include -I/usr/include/pango-1.0 -I/usr/include/harfbuzz -I/usr/include/freetype2 -I/usr/include/libpng16 -I/usr/include/fribidi -I/usr/include/cairo -I/usr/include/pixman-1 -I/usr/include/gdk-pixbuf-2.0 -I/usr/include/atk-1.0 -pthread '
pkg_cv_DEPENDENT_WITH_GTK_LIBS='-lgthread-2.0 -Wl,--export-dynamic -lgmodule-2.0 -pthread -lglib-2.0 -lgtk-x11-2.0 -lgdk-x11-2.0 -lpangocairo-1.0 -latk-1.0 -lcairo -lgdk_pixbuf-2.0 -lgio-2.0 -lpangoft2-1.0 -lpango-1.0 -lgobject-2.0 -lglib-2.0 -lharfbuzz -lfontconfig -lfreetype '
pkg_cv_DEPENDENT_WITH_XML_AND_GTK_CFLAGS='-I/usr/include/glib-2.0 -I/usr/lib/glib-2.0/include -I/usr/include/libmount -I/usr/include/blkid -I/usr/include/gtk-2.0 -I/usr/lib/gtk-2.0/include -I/usr/include/pango-1.0 -I/usr/include/harfbuzz -I/usr/include/freetype2 -I/usr/include/libpng16 -I/usr/include/fribidi -I/usr/include/cairo -I/usr/include/pixman-1 -I/usr/include/gdk-pixbuf-2.0 -I/usr/include/atk-1.0 -pthread -I/usr/include/libxml2 '
pkg_cv_DEPENDENT_WITH_XML_AND_GTK_LIBS='-lgthread-2.0 -Wl,--export-dynamic -lgmodule-2.0 -pthread -lglib-2.0 -lgtk-x11-2.0 -lgdk-x11-2.0 -lpangocairo-1.0 -latk-1.0 -lcairo -lgdk_pixbuf-2.0 -lgio-2.0 -lpangoft2-1.0 -lpango-1.0 -lgobject-2.0 -lglib-2.0 -lharfbuzz -lfontconfig -lfreetype -lxml2 '
pkg_cv_DEPENDENT_WITH_XML_CFLAGS='-I/usr/include/glib-2.0 -I/usr/lib/glib-2.0/include -I/usr/include/libmount -I/usr/include/blkid -pthread -I/usr/include/libxml2 '
pkg_cv_DEPENDENT_WITH_XML_LIBS='-lgio-2.0 -lgthread-2.0 -Wl,--export-dynamic -lgmodule-2.0 -pthread -lglib-2.0 -lgobject-2.0 -lglib-2.0 -lxml2 '
pkg_cv_GSETTINGS_CFLAGS='-I/usr/include/glib-2.0 -I/usr/lib/glib-2.0/include -pthread -I/usr/include/libmount -I/usr/include/blkid '
pkg_cv_GSETTINGS_LIBS='-lgio-2.0 -lgobject-2.0 -lglib-2.0 '

## ----------------- ##
## Output variables. ##
## ----------------- ##

ACLOCAL='${SHELL} /home/victor/Downloads/gconf-gtk2/src/GConf-3.2.6/missing aclocal-1.13 '
ALL_LINGUAS=''
AMDEPBACKSLASH='\'
AMDEP_FALSE='#'
AMDEP_TRUE=''
AMTAR='$${TAR-tar}'
AM_BACKSLASH='\'
AM_DEFAULT_V='$(AM_DEFAULT_VERBOSITY)'
AM_DEFAULT_VERBOSITY='0'
AM_V='$(V)'
AR='ar'
AS='as'
AUTOCONF='${SHELL} /home/victor/Downloads/gconf-gtk2/src/GConf-3.2.6/missing autoconf'
AUTOHEADER='${SHELL} /home/victor/Downloads/gconf-gtk2/src/GConf-3.2.6/missing autoheader'
AUTOMAKE='${SHELL} /home/victor/Downloads/gconf-gtk2/src/GConf-3.2.6/missing automake-1.13'
AWK='gawk'
CATALOGS=''
CATOBJEXT='.gmo'
CC='gcc'
CCDEPMODE='depmode=gcc3'
CFLAGS='-march=pentium4 -mtune=generic -O2 -pipe -fno-plt -Wall'
CPP='gcc -E'
CPPFLAGS='-D_FORTIFY_SOURCE=2'
CXX='g++'
CXXCPP='g++ -E'
CXXDEPMODE='depmode=gcc3'
CXXFLAGS='-march=pentium4 -mtune=generic -O2 -pipe -fno-plt'
CYGPATH_W='echo'
DATADIRNAME='share'
DEFAULTS_CFLAGS='-I/usr/include/glib-2.0 -I/usr/lib/glib-2.0/include -I/usr/include/dbus-1.0 -I/usr/lib/dbus-1.0/include -I/usr/include/polkit-1 -pthread -I/usr/include/libmount -I/usr/include/blkid '
DEFAULTS_LIBS='-lgthread-2.0 -pthread -lglib-2.0 -ldbus-glib-1 -ldbus-1 -lpolkit-gobject-1 -lgio-2.0 -lgobject-2.0 -lglib-2.0 '
DEFS='-DHAVE_CONFIG_H'
DEPDIR='.deps'
DEPENDENT_CFLAGS='-I/usr/include/glib-2.0 -I/usr/lib/glib-2.0/include -I/usr/include/libmount -I/usr/include/blkid -pthread '
DEPENDENT_DBUS_CFLAGS='-I/usr/include/dbus-1.0 -I/usr/lib/dbus-1.0/include -I/usr/include/glib-2.0 -I/usr/lib/glib-2.0/include '
DEPENDENT_DBUS_LIBS='-ldbus-glib-1 -ldbus-1 -lgobject-2.0 -lglib-2.0 '
DEPENDENT_LIBS='-lgio-2.0 -lgthread-2.0 -Wl,--export-dynamic -lgmodule-2.0 -pthread -lglib-2.0 -lgobject-2.0 -lglib-2.0 '
DEPENDENT_ORBIT_CFLAGS=''
DEPENDENT_ORBIT_LIBS=''
DEPENDENT_WITH_GTK_CFLAGS='-I/usr/include/glib-2.0 -I/usr/lib/glib-2.0/include -I/usr/include/libmount -I/usr/include/blkid -I/usr/include/gtk-2.0 -I/usr/lib/gtk-2.0/include -I/usr/include/pango-1.0 -I/usr/include/harfbuzz -I/usr/include/freetype2 -I/usr/include/libpng16 -I/usr/include/fribidi -I/usr/include/cairo -I/usr/include/pixman-1 -I/usr/include/gdk-pixbuf-2.0 -I/usr/include/atk-1.0 -pthread '
DEPENDENT_WITH_GTK_LIBS='-lgthread-2.0 -Wl,--export-dynamic -lgmodule-2.0 -pthread -lglib-2.0 -lgtk-x11-2.0 -lgdk-x11-2.0 -lpangocairo-1.0 -latk-1.0 -lcairo -lgdk_pixbuf-2.0 -lgio-2.0 -lpangoft2-1.0 -lpango-1.0 -lgobject-2.0 -lglib-2.0 -lharfbuzz -lfontconfig -lfreetype '
DEPENDENT_WITH_XML_AND_GTK_CFLAGS='-I/usr/include/glib-2.0 -I/usr/lib/glib-2.0/include -I/usr/include/libmount -I/usr/include/blkid -I/usr/include/gtk-2.0 -I/usr/lib/gtk-2.0/include -I/usr/include/pango-1.0 -I/usr/include/harfbuzz -I/usr/include/freetype2 -I/usr/include/libpng16 -I/usr/include/fribidi -I/usr/include/cairo -I/usr/include/pixman-1 -I/usr/include/gdk-pixbuf-2.0 -I/usr/include/atk-1.0 -pthread -I/usr/include/libxml2 '
DEPENDENT_WITH_XML_AND_GTK_LIBS='-lgthread-2.0 -Wl,--export-dynamic -lgmodule-2.0 -pthread -lglib-2.0 -lgtk-x11-2.0 -lgdk-x11-2.0 -lpangocairo-1.0 -latk-1.0 -lcairo -lgdk_pixbuf-2.0 -lgio-2.0 -lpangoft2-1.0 -lpango-1.0 -lgobject-2.0 -lglib-2.0 -lharfbuzz -lfontconfig -lfreetype -lxml2 '
DEPENDENT_WITH_XML_CFLAGS='-I/usr/include/glib-2.0 -I/usr/lib/glib-2.0/include -I/usr/include/libmount -I/usr/include/blkid -pthread -I/usr/include/libxml2 '
DEPENDENT_WITH_XML_LIBS='-lgio-2.0 -lgthread-2.0 -Wl,--export-dynamic -lgmodule-2.0 -pthread -lglib-2.0 -lgobject-2.0 -lglib-2.0 -lxml2 '
DLLTOOL='dlltool'
DSYMUTIL=''
DUMPBIN=''
ECHO_C=''
ECHO_N='-n'
ECHO_T=''
EGREP='/usr/bin/grep -E'
ENABLE_DEFAULTS_SERVICE_FALSE='#'
ENABLE_DEFAULTS_SERVICE_TRUE=''
ENABLE_DOCUMENTATION_FALSE='#'
ENABLE_DOCUMENTATION_TRUE=''
ENABLE_GSETTINGS_BACKEND_FALSE='#'
ENABLE_GSETTINGS_BACKEND_TRUE=''
ENABLE_GTK_DOC_FALSE=''
ENABLE_GTK_DOC_TRUE='#'
EXEEXT=''
FGREP='/usr/bin/grep -F'
GCONF_AGE='1'
GCONF_CURRENT='5'
GCONF_REVISION='5'
GETTEXT_PACKAGE='GConf2'
GIO_MODULE_DIR='${exec_prefix}/lib/gio/modules'
GIO_QUERYMODULES='/usr/bin/gio-querymodules'
GLIB_GENMARSHAL='/usr/bin/glib-genmarshal'
GMOFILES=''
GMSGFMT='/usr/bin/msgfmt'
GREP='/usr/bin/grep'
GSETTINGS_CFLAGS='-I/usr/include/glib-2.0 -I/usr/lib/glib-2.0/include -pthread -I/usr/include/libmount -I/usr/include/blkid '
GSETTINGS_LIBS='-lgio-2.0 -lgobject-2.0 -lglib-2.0 '
GTKDOC_CHECK='/usr/bin/gtkdoc-check'
GTKDOC_DEPS_CFLAGS=''
GTKDOC_DEPS_LIBS=''
GTKDOC_MKPDF='/usr/bin/gtkdoc-mkpdf'
GTKDOC_REBASE='/usr/bin/gtkdoc-rebase'
GTK_DOC_BUILD_HTML_FALSE='#'
GTK_DOC_BUILD_HTML_TRUE=''
GTK_DOC_BUILD_PDF_FALSE=''
GTK_DOC_BUILD_PDF_TRUE='#'
GTK_DOC_USE_LIBTOOL_FALSE='#'
GTK_DOC_USE_LIBTOOL_TRUE=''
GTK_DOC_USE_REBASE_FALSE='#'
GTK_DOC_USE_REBASE_TRUE=''
GTK_FALSE='#'
GTK_TRUE=''
HAVE_CORBA=''
HAVE_CORBA_FALSE=''
HAVE_CORBA_TRUE='#'
HAVE_DBUS=''
HAVE_DBUS_FALSE='#'
HAVE_DBUS_TRUE=''
HAVE_INTROSPECTION_FALSE='#'
HAVE_INTROSPECTION_TRUE=''
HTML_DIR='${datadir}/gtk-doc/html'
INSTALL_DATA='${INSTALL} -m 644'
INSTALL_PROGRAM='${INSTALL}'
INSTALL_SCRIPT='${INSTALL}'
INSTALL_STRIP_PROGRAM='$(install_sh) -c -s'
INSTOBJEXT='.mo'
INTLLIBS=''
INTLTOOL_CAVES_RULE='%.caves:     %.caves.in     $(INTLTOOL_MERGE) $(wildcard $(top_srcdir)/po/*.po) ; $(INTLTOOL_V_MERGE)LC_ALL=C $(INTLTOOL_MERGE) $(INTLTOOL_V_MERGE_OPTIONS) -d -u -c $(top_builddir)/po/.intltool-merge-cache $(top_srcdir)/po $< $@'
INTLTOOL_DESKTOP_RULE='%.desktop:   %.desktop.in   $(INTLTOOL_MERGE) $(wildcard $(top_srcdir)/po/*.po) ; $(INTLTOOL_V_MERGE)LC_ALL=C $(INTLTOOL_MERGE) $(INTLTOOL_V_MERGE_OPTIONS) -d -u -c $(top_builddir)/po/.intltool-merge-cache $(top_srcdir)/po $< $@'
INTLTOOL_DIRECTORY_RULE='%.directory: %.directory.in $(INTLTOOL_MERGE) $(wildcard $(top_srcdir)/po/*.po) ; $(INTLTOOL_V_MERGE)LC_ALL=C $(INTLTOOL_MERGE) $(INTLTOOL_V_MERGE_OPTIONS) -d -u -c $(top_builddir)/po/.intltool-merge-cache $(top_srcdir)/po $< $@'
INTLTOOL_EXTRACT='/usr/bin/intltool-extract'
INTLTOOL_KBD_RULE='%.kbd:       %.kbd.in       $(INTLTOOL_MERGE) $(wildcard $(top_srcdir)/po/*.po) ; $(INTLTOOL_V_MERGE)LC_ALL=C $(INTLTOOL_MERGE) $(INTLTOOL_V_MERGE_OPTIONS) -x -u -m -c $(top_builddir)/po/.intltool-merge-cache $(top_srcdir)/po $< $@'
INTLTOOL_KEYS_RULE='%.keys:      %.keys.in      $(INTLTOOL_MERGE) $(wildcard $(top_srcdir)/po/*.po) ; $(INTLTOOL_V_MERGE)LC_ALL=C $(INTLTOOL_MERGE) $(INTLTOOL_V_MERGE_OPTIONS) -k -u -c $(top_builddir)/po/.intltool-merge-cache $(top_srcdir)/po $< $@'
INTLTOOL_MERGE='/usr/bin/intltool-merge'
INTLTOOL_OAF_RULE='%.oaf:       %.oaf.in       $(INTLTOOL_MERGE) $(wildcard $(top_srcdir)/po/*.po) ; $(INTLTOOL_V_MERGE)LC_ALL=C $(INTLTOOL_MERGE) $(INTLTOOL_V_MERGE_OPTIONS) -o -p $(top_srcdir)/po $< $@'
INTLTOOL_PERL='/usr/bin/perl'
INTLTOOL_POLICY_RULE='%.policy:    %.policy.in    $(INTLTOOL_MERGE) $(wildcard $(top_srcdir)/po/*.po) ; $(INTLTOOL_V_MERGE)LC_ALL=C $(INTLTOOL_MERGE) $(INTLTOOL_V_MERGE_OPTIONS) -x -u -c $(top_builddir)/po/.intltool-merge-cache $(top_srcdir)/po $< $@'
INTLTOOL_PONG_RULE='%.pong:      %.pong.in      $(INTLTOOL_MERGE) $(wildcard $(top_srcdir)/po/*.po) ; $(INTLTOOL_V_MERGE)LC_ALL=C $(INTLTOOL_MERGE) $(INTLTOOL_V_MERGE_OPTIONS) -x -u -c $(top_builddir)/po/.intltool-merge-cache $(top_srcdir)/po $< $@'
INTLTOOL_PROP_RULE='%.prop:      %.prop.in      $(INTLTOOL_MERGE) $(wildcard $(top_srcdir)/po/*.po) ; $(INTLTOOL_V_MERGE)LC_ALL=C $(INTLTOOL_MERGE) $(INTLTOOL_V_MERGE_OPTIONS) -d -u -c $(top_builddir)/po/.intltool-merge-cache $(top_srcdir)/po $< $@'
INTLTOOL_SCHEMAS_RULE='%.schemas:   %.schemas.in   $(INTLTOOL_MERGE) $(wildcard $(top_srcdir)/po/*.po) ; $(INTLTOOL_V_MERGE)LC_ALL=C $(INTLTOOL_MERGE) $(INTLTOOL_V_MERGE_OPTIONS) -s -u -c $(top_builddir)/po/.intltool-merge-cache $(top_srcdir)/po $< $@'
INTLTOOL_SERVER_RULE='%.server:    %.server.in    $(INTLTOOL_MERGE) $(wildcard $(top_srcdir)/po/*.po) ; $(INTLTOOL_V_MERGE)LC_ALL=C $(INTLTOOL_MERGE) $(INTLTOOL_V_MERGE_OPTIONS) -o -u -c $(top_builddir)/po/.intltool-merge-cache $(top_srcdir)/po $< $@'
INTLTOOL_SERVICE_RULE='%.service: %.service.in   $(INTLTOOL_MERGE) $(wildcard $(top_srcdir)/po/*.po) ; $(INTLTOOL_V_MERGE)LC_ALL=C $(INTLTOOL_MERGE) $(INTLTOOL_V_MERGE_OPTIONS) -d -u -c $(top_builddir)/po/.intltool-merge-cache $(top_srcdir)/po $< $@'
INTLTOOL_SHEET_RULE='%.sheet:     %.sheet.in     $(INTLTOOL_MERGE) $(wildcard $(top_srcdir)/po/*.po) ; $(INTLTOOL_V_MERGE)LC_ALL=C $(INTLTOOL_MERGE) $(INTLTOOL_V_MERGE_OPTIONS) -x -u -c $(top_builddir)/po/.intltool-merge-cache $(top_srcdir)/po $< $@'
INTLTOOL_SOUNDLIST_RULE='%.soundlist: %.soundlist.in $(INTLTOOL_MERGE) $(wildcard $(top_srcdir)/po/*.po) ; $(INTLTOOL_V_MERGE)LC_ALL=C $(INTLTOOL_MERGE) $(INTLTOOL_V_MERGE_OPTIONS) -d -u -c $(top_builddir)/po/.intltool-merge-cache $(top_srcdir)/po $< $@'
INTLTOOL_THEME_RULE='%.theme:     %.theme.in     $(INTLTOOL_MERGE) $(wildcard $(top_srcdir)/po/*.po) ; $(INTLTOOL_V_MERGE)LC_ALL=C $(INTLTOOL_MERGE) $(INTLTOOL_V_MERGE_OPTIONS) -d -u -c $(top_builddir)/po/.intltool-merge-cache $(top_srcdir)/po $< $@'
INTLTOOL_UI_RULE='%.ui:        %.ui.in        $(INTLTOOL_MERGE) $(wildcard $(top_srcdir)/po/*.po) ; $(INTLTOOL_V_MERGE)LC_ALL=C $(INTLTOOL_MERGE) $(INTLTOOL_V_MERGE_OPTIONS) -x -u -c $(top_builddir)/po/.intltool-merge-cache $(top_srcdir)/po $< $@'
INTLTOOL_UPDATE='/usr/bin/intltool-update'
INTLTOOL_V_MERGE='$(INTLTOOL__v_MERGE_$(V))'
INTLTOOL_V_MERGE_OPTIONS='$(intltool__v_merge_options_$(V))'
INTLTOOL_XAM_RULE='%.xam:       %.xml.in       $(INTLTOOL_MERGE) $(wildcard $(top_srcdir)/po/*.po) ; $(INTLTOOL_V_MERGE)LC_ALL=C $(INTLTOOL_MERGE) $(INTLTOOL_V_MERGE_OPTIONS) -x -u -c $(top_builddir)/po/.intltool-merge-cache $(top_srcdir)/po $< $@'
INTLTOOL_XML_NOMERGE_RULE='%.xml:       %.xml.in       $(INTLTOOL_MERGE) ; $(INTLTOOL_V_MERGE)LC_ALL=C $(INTLTOOL_MERGE) $(INTLTOOL_V_MERGE_OPTIONS) -x -u --no-translations $< $@'
INTLTOOL_XML_RULE='%.xml:       %.xml.in       $(INTLTOOL_MERGE) $(wildcard $(top_srcdir)/po/*.po) ; $(INTLTOOL_V_MERGE)LC_ALL=C $(INTLTOOL_MERGE) $(INTLTOOL_V_MERGE_OPTIONS) -x -u -c $(top_builddir)/po/.intltool-merge-cache $(top_srcdir)/po $< $@'
INTLTOOL__v_MERGE_0='@echo "  ITMRG " $@;'
INTLTOOL__v_MERGE_='$(INTLTOOL__v_MERGE_$(AM_DEFAULT_VERBOSITY))'
INTROSPECTION_CFLAGS='-I/usr/include/gobject-introspection-1.0 -I/usr/include/glib-2.0 -I/usr/lib/glib-2.0/include -pthread '
INTROSPECTION_COMPILER='/usr/bin/g-ir-compiler'
INTROSPECTION_GENERATE='/usr/bin/g-ir-generate'
INTROSPECTION_GIRDIR='/usr/share/gir-1.0'
INTROSPECTION_LIBS='-lgirepository-1.0 -lgobject-2.0 -lglib-2.0 '
INTROSPECTION_MAKEFILE='/usr/share/gobject-introspection-1.0/Makefile.introspection'
INTROSPECTION_SCANNER='/usr/bin/g-ir-scanner'
INTROSPECTION_TYPELIBDIR='/usr/lib/girepository-1.0'
IPC_REQUIRES='dbus-1'
LD='/usr/bin/ld'
LDAP_CFLAGS='-DLDAP_DEPRECATED'
LDAP_LIBS='-lldap -llber'
LDAP_SUPPORT_FALSE='#'
LDAP_SUPPORT_TRUE=''
LDFLAGS='-Wl,-O1,--sort-common,--as-needed,-z,relro,-z,now'
LIBOBJS=''
LIBS=''
LIBTOOL='$(SHELL) $(top_builddir)/libtool'
LIPO=''
LN_S='ln -s'
LTLIBOBJS=''
MAINT=''
MAINTAINER_MODE_FALSE='#'
MAINTAINER_MODE_TRUE=''
MAJOR_VERSION='2'
MAKEINFO='${SHELL} /home/victor/Downloads/gconf-gtk2/src/GConf-3.2.6/missing makeinfo'
MANIFEST_TOOL=':'
MKDIR_P='/usr/bin/mkdir -p'
MKINSTALLDIRS='./mkinstalldirs'
MSGFMT='/usr/bin/msgfmt'
MSGFMT_OPTS='-c'
MSGMERGE='/usr/bin/msgmerge'
NM='/usr/bin/nm -B'
NMEDIT=''
OBJDUMP='objdump'
OBJEXT='o'
ORBIT_IDL=''
OS_WIN32_FALSE=''
OS_WIN32_TRUE='#'
OTOOL64=''
OTOOL=''
PACKAGE='GConf'
PACKAGE_BUGREPORT='http://bugzilla.gnome.org/enter_bug.cgi?product=GConf'
PACKAGE_NAME='GConf'
PACKAGE_STRING='GConf 3.2.6'
PACKAGE_TARNAME='GConf'
PACKAGE_URL=''
PACKAGE_VERSION='3.2.6'
PATH_SEPARATOR=':'
PKG_CONFIG='/usr/bin/pkg-config'
PKG_CONFIG_LIBDIR=''
PKG_CONFIG_PATH=''
POFILES=''
POSUB='po'
PO_IN_DATADIR_FALSE=''
PO_IN_DATADIR_TRUE=''
PTHREADS_FALSE='#'
PTHREADS_TRUE=''
RANLIB='ranlib'
SED='/usr/bin/sed'
SET_MAKE=''
SHELL='/bin/sh'
STRIP='strip'
USE_NLS='yes'
VERSION='3.2.6'
XGETTEXT='/usr/bin/xgettext'
absolute_top_srcdir='/home/victor/Downloads/gconf-gtk2/src/GConf-3.2.6'
ac_ct_AR='ar'
ac_ct_CC='gcc'
ac_ct_CXX='g++'
ac_ct_DUMPBIN=''
am__EXEEXT_FALSE=''
am__EXEEXT_TRUE='#'
am__fastdepCC_FALSE='#'
am__fastdepCC_TRUE=''
am__fastdepCXX_FALSE='#'
am__fastdepCXX_TRUE=''
am__include='include'
am__isrc=''
am__leading_dot='.'
am__nodep='_no'
am__quote=''
am__tar='$${TAR-tar} chof - "$$tardir"'
am__untar='$${TAR-tar} xf -'
bindir='${exec_prefix}/bin'
build='i686-pc-linux-gnu'
build_alias=''
build_cpu='i686'
build_os='linux-gnu'
build_vendor='pc'
datadir='${datarootdir}'
datarootdir='${prefix}/share'
docdir='${datarootdir}/doc/${PACKAGE_TARNAME}'
dvidir='${docdir}'
exec_prefix='${prefix}'
gconfdefaultpath='/etc/gconf/2/path'
host='i686-pc-linux-gnu'
host_alias=''
host_cpu='i686'
host_os='linux-gnu'
host_vendor='pc'
htmldir='${docdir}'
includedir='${prefix}/include'
infodir='${datarootdir}/info'
install_sh='${SHELL} /home/victor/Downloads/gconf-gtk2/src/GConf-3.2.6/install-sh'
intltool__v_merge_options_0='-q'
intltool__v_merge_options_='$(intltool__v_merge_options_$(AM_DEFAULT_VERBOSITY))'
libdir='${exec_prefix}/lib'
libexecdir='/usr/lib/GConf'
localedir='${datarootdir}/locale'
localstatedir='/var'
mandir='${datarootdir}/man'
mkdir_p='$(MKDIR_P)'
oldincludedir='/usr/include'
pdfdir='${docdir}'
prefix='/usr'
program_transform_name='s,x,x,'
psdir='${docdir}'
sbindir='${exec_prefix}/sbin'
sharedstatedir='${prefix}/com'
sysconfdir='/etc'
sysgconfdir='${sysconfdir}/${with_sysconfsubdir}'
target_alias=''
with_sysconfsubdir='gconf'

## ----------- ##
## confdefs.h. ##
## ----------- ##

/* confdefs.h */
#define PACKAGE_NAME "GConf"
#define PACKAGE_TARNAME "GConf"
#define PACKAGE_VERSION "3.2.6"
#define PACKAGE_STRING "GConf 3.2.6"
#define PACKAGE_BUGREPORT "http://bugzilla.gnome.org/enter_bug.cgi?product=GConf"
#define PACKAGE_URL ""
#define PACKAGE "GConf"
#define VERSION "3.2.6"
#define STDC_HEADERS 1
#define HAVE_SYS_TYPES_H 1
#define HAVE_SYS_STAT_H 1
#define HAVE_STDLIB_H 1
#define HAVE_STRING_H 1
#define HAVE_MEMORY_H 1
#define HAVE_STRINGS_H 1
#define HAVE_INTTYPES_H 1
#define HAVE_STDINT_H 1
#define HAVE_UNISTD_H 1
#define HAVE_DLFCN_H 1
#define LT_OBJDIR ".libs/"
#define GETTEXT_PACKAGE "GConf2"
#define HAVE_DBUS 1
#define ENABLE_DEFAULTS_SERVICE 1
#define ENABLE_GSETTINGS_BACKEND 1
#define HAVE_SYSLOG_H 1
#define HAVE_SYS_WAIT_H 1
#define HAVE_GETUID 1
#define HAVE_SIGACTION 1
#define HAVE_FSYNC 1
#define HAVE_FCHMOD 1
#define HAVE_LDAP_NTLM_BIND 1
#define HAVE_LOCALE_H 1
#define HAVE_LC_MESSAGES 1
#define HAVE_BIND_TEXTDOMAIN_CODESET 1
#define HAVE_GETTEXT 1
#define HAVE_DCGETTEXT 1
#define ENABLE_NLS 1
#define HAVE_BIND_TEXTDOMAIN_CODESET 1

configure: exit 0
